This file contains any messages produced by compilers while
running configure, to aid debugging if configure makes a mistake.

It was created by qosnslp-ka configure 0.98, which was
generated by GNU Autoconf 2.65.  Invocation command line was

  $ ./configure --disable-option-checking --prefix=/usr/local --cache-file=/dev/null --srcdir=.

## --------- ##
## Platform. ##
## --------- ##

hostname = itajai
uname -m = x86_64
uname -r = 2.6.32-32-generic
uname -s = Linux
uname -v = #62-Ubuntu SMP Wed Apr 20 21:52:38 UTC 2011

/usr/bin/uname -p = unknown
/bin/uname -X     = unknown

/bin/arch              = unknown
/usr/bin/arch -k       = unknown
/usr/convex/getsysinfo = unknown
/usr/bin/hostinfo      = unknown
/bin/machine           = unknown
/usr/bin/oslevel       = unknown
/bin/universe          = unknown

PATH: /usr/local/sbin
PATH: /usr/local/bin
PATH: /usr/sbin
PATH: /usr/bin
PATH: /sbin
PATH: /bin
PATH: /usr/games
PATH: /home/allan/opt/omnetpp-4.1/bin


## ----------- ##
## Core tests. ##
## ----------- ##

configure:2337: checking for a BSD-compatible install
configure:2405: result: /usr/bin/install -c
configure:2416: checking whether build environment is sane
configure:2466: result: yes
configure:2607: checking for a thread-safe mkdir -p
configure:2646: result: /bin/mkdir -p
configure:2659: checking for gawk
configure:2675: found /usr/bin/gawk
configure:2686: result: gawk
configure:2697: checking whether make sets $(MAKE)
configure:2719: result: yes
configure:2886: checking for g++
configure:2902: found /usr/bin/g++
configure:2913: result: g++
configure:2940: checking for C++ compiler version
configure:2949: g++ --version >&5
g++ (Ubuntu 4.4.3-4ubuntu5) 4.4.3
Copyright (C) 2009 Free Software Foundation, Inc.
This is free software; see the source for copying conditions.  There is NO
warranty; not even for MERCHANTABILITY or FITNESS FOR A PARTICULAR PURPOSE.

configure:2960: $? = 0
configure:2949: g++ -v >&5
Using built-in specs.
Target: x86_64-linux-gnu
Configured with: ../src/configure -v --with-pkgversion='Ubuntu 4.4.3-4ubuntu5' --with-bugurl=file:///usr/share/doc/gcc-4.4/README.Bugs --enable-languages=c,c++,fortran,objc,obj-c++ --prefix=/usr --enable-shared --enable-multiarch --enable-linker-build-id --with-system-zlib --libexecdir=/usr/lib --without-included-gettext --enable-threads=posix --with-gxx-include-dir=/usr/include/c++/4.4 --program-suffix=-4.4 --enable-nls --enable-clocale=gnu --enable-libstdcxx-debug --enable-plugin --enable-objc-gc --disable-werror --with-arch-32=i486 --with-tune=generic --enable-checking=release --build=x86_64-linux-gnu --host=x86_64-linux-gnu --target=x86_64-linux-gnu
Thread model: posix
gcc version 4.4.3 (Ubuntu 4.4.3-4ubuntu5) 
configure:2960: $? = 0
configure:2949: g++ -V >&5
g++: '-V' option must have argument
configure:2960: $? = 1
configure:2949: g++ -qversion >&5
g++: unrecognized option '-qversion'
g++: no input files
configure:2960: $? = 1
configure:2980: checking whether the C++ compiler works
configure:3002: g++    conftest.cpp  >&5
configure:3006: $? = 0
configure:3055: result: yes
configure:3058: checking for C++ compiler default output file name
configure:3060: result: a.out
configure:3066: checking for suffix of executables
configure:3073: g++ -o conftest    conftest.cpp  >&5
configure:3077: $? = 0
configure:3099: result: 
configure:3121: checking whether we are cross compiling
configure:3129: g++ -o conftest    conftest.cpp  >&5
configure:3133: $? = 0
configure:3140: ./conftest
configure:3144: $? = 0
configure:3159: result: no
configure:3164: checking for suffix of object files
configure:3186: g++ -c   conftest.cpp >&5
configure:3190: $? = 0
configure:3211: result: o
configure:3215: checking whether we are using the GNU C++ compiler
configure:3234: g++ -c   conftest.cpp >&5
configure:3234: $? = 0
configure:3243: result: yes
configure:3252: checking whether g++ accepts -g
configure:3272: g++ -c -g  conftest.cpp >&5
configure:3272: $? = 0
configure:3313: result: yes
configure:3347: checking for style of include used by make
configure:3375: result: GNU
configure:3400: checking dependency style of g++
configure:3510: result: gcc3
configure:3573: checking for gcc
configure:3589: found /usr/bin/gcc
configure:3600: result: gcc
configure:3829: checking for C compiler version
configure:3838: gcc --version >&5
gcc (Ubuntu 4.4.3-4ubuntu5) 4.4.3
Copyright (C) 2009 Free Software Foundation, Inc.
This is free software; see the source for copying conditions.  There is NO
warranty; not even for MERCHANTABILITY or FITNESS FOR A PARTICULAR PURPOSE.

configure:3849: $? = 0
configure:3838: gcc -v >&5
Using built-in specs.
Target: x86_64-linux-gnu
Configured with: ../src/configure -v --with-pkgversion='Ubuntu 4.4.3-4ubuntu5' --with-bugurl=file:///usr/share/doc/gcc-4.4/README.Bugs --enable-languages=c,c++,fortran,objc,obj-c++ --prefix=/usr --enable-shared --enable-multiarch --enable-linker-build-id --with-system-zlib --libexecdir=/usr/lib --without-included-gettext --enable-threads=posix --with-gxx-include-dir=/usr/include/c++/4.4 --program-suffix=-4.4 --enable-nls --enable-clocale=gnu --enable-libstdcxx-debug --enable-plugin --enable-objc-gc --disable-werror --with-arch-32=i486 --with-tune=generic --enable-checking=release --build=x86_64-linux-gnu --host=x86_64-linux-gnu --target=x86_64-linux-gnu
Thread model: posix
gcc version 4.4.3 (Ubuntu 4.4.3-4ubuntu5) 
configure:3849: $? = 0
configure:3838: gcc -V >&5
gcc: '-V' option must have argument
configure:3849: $? = 1
configure:3838: gcc -qversion >&5
gcc: unrecognized option '-qversion'
gcc: no input files
configure:3849: $? = 1
configure:3853: checking whether we are using the GNU C compiler
configure:3872: gcc -c   conftest.c >&5
configure:3872: $? = 0
configure:3881: result: yes
configure:3890: checking whether gcc accepts -g
configure:3910: gcc -c -g  conftest.c >&5
configure:3910: $? = 0
configure:3951: result: yes
configure:3968: checking for gcc option to accept ISO C89
configure:4032: gcc  -c -g -O2  conftest.c >&5
configure:4032: $? = 0
configure:4045: result: none needed
configure:4067: checking dependency style of gcc
configure:4177: result: gcc3
configure:4192: checking whether make sets $(MAKE)
configure:4214: result: yes
configure:4228: checking how to run the C preprocessor
configure:4259: gcc -E  conftest.c
configure:4259: $? = 0
configure:4273: gcc -E  conftest.c
conftest.c:11:28: error: ac_nonexistent.h: No such file or directory
configure:4273: $? = 1
configure: failed program was:
| /* confdefs.h */
| #define PACKAGE_NAME "qosnslp-ka"
| #define PACKAGE_TARNAME "qosnslp-ka"
| #define PACKAGE_VERSION "0.98"
| #define PACKAGE_STRING "qosnslp-ka 0.98"
| #define PACKAGE_BUGREPORT "roland.bless@kit.edu"
| #define PACKAGE_URL ""
| #define PACKAGE "qosnslp-ka"
| #define VERSION "0.98"
| /* end confdefs.h.  */
| #include <ac_nonexistent.h>
configure:4298: result: gcc -E
configure:4318: gcc -E  conftest.c
configure:4318: $? = 0
configure:4332: gcc -E  conftest.c
conftest.c:11:28: error: ac_nonexistent.h: No such file or directory
configure:4332: $? = 1
configure: failed program was:
| /* confdefs.h */
| #define PACKAGE_NAME "qosnslp-ka"
| #define PACKAGE_TARNAME "qosnslp-ka"
| #define PACKAGE_VERSION "0.98"
| #define PACKAGE_STRING "qosnslp-ka 0.98"
| #define PACKAGE_BUGREPORT "roland.bless@kit.edu"
| #define PACKAGE_URL ""
| #define PACKAGE "qosnslp-ka"
| #define VERSION "0.98"
| /* end confdefs.h.  */
| #include <ac_nonexistent.h>
configure:4372: checking for main in -lcppunit
configure:4391: gcc -o conftest -g -O2   conftest.c -lcppunit   >&5
/usr/bin/ld: cannot find -lcppunit
collect2: ld returned 1 exit status
configure:4391: $? = 1
configure: failed program was:
| /* confdefs.h */
| #define PACKAGE_NAME "qosnslp-ka"
| #define PACKAGE_TARNAME "qosnslp-ka"
| #define PACKAGE_VERSION "0.98"
| #define PACKAGE_STRING "qosnslp-ka 0.98"
| #define PACKAGE_BUGREPORT "roland.bless@kit.edu"
| #define PACKAGE_URL ""
| #define PACKAGE "qosnslp-ka"
| #define VERSION "0.98"
| /* end confdefs.h.  */
| 
| 
| int
| main ()
| {
| return main ();
|   ;
|   return 0;
| }
configure:4400: result: no
configure:4414: checking for grep that handles long lines and -e
configure:4472: result: /bin/grep
configure:4477: checking for egrep
configure:4539: result: /bin/grep -E
configure:4544: checking for ANSI C header files
configure:4564: gcc -c -g -O2  conftest.c >&5
configure:4564: $? = 0
configure:4637: gcc -o conftest -g -O2   conftest.c  >&5
configure:4637: $? = 0
configure:4637: ./conftest
configure:4637: $? = 0
configure:4648: result: yes
configure:4661: checking for sys/types.h
configure:4661: gcc -c -g -O2  conftest.c >&5
configure:4661: $? = 0
configure:4661: result: yes
configure:4661: checking for sys/stat.h
configure:4661: gcc -c -g -O2  conftest.c >&5
configure:4661: $? = 0
configure:4661: result: yes
configure:4661: checking for stdlib.h
configure:4661: gcc -c -g -O2  conftest.c >&5
configure:4661: $? = 0
configure:4661: result: yes
configure:4661: checking for string.h
configure:4661: gcc -c -g -O2  conftest.c >&5
configure:4661: $? = 0
configure:4661: result: yes
configure:4661: checking for memory.h
configure:4661: gcc -c -g -O2  conftest.c >&5
configure:4661: $? = 0
configure:4661: result: yes
configure:4661: checking for strings.h
configure:4661: gcc -c -g -O2  conftest.c >&5
configure:4661: $? = 0
configure:4661: result: yes
configure:4661: checking for inttypes.h
configure:4661: gcc -c -g -O2  conftest.c >&5
configure:4661: $? = 0
configure:4661: result: yes
configure:4661: checking for stdint.h
configure:4661: gcc -c -g -O2  conftest.c >&5
configure:4661: $? = 0
configure:4661: result: yes
configure:4661: checking for unistd.h
configure:4661: gcc -c -g -O2  conftest.c >&5
configure:4661: $? = 0
configure:4661: result: yes
configure:4677: checking arpa/inet.h usability
configure:4677: gcc -c -g -O2  conftest.c >&5
configure:4677: $? = 0
configure:4677: result: yes
configure:4677: checking arpa/inet.h presence
configure:4677: gcc -E  conftest.c
configure:4677: $? = 0
configure:4677: result: yes
configure:4677: checking for arpa/inet.h
configure:4677: result: yes
configure:4677: checking netdb.h usability
configure:4677: gcc -c -g -O2  conftest.c >&5
configure:4677: $? = 0
configure:4677: result: yes
configure:4677: checking netdb.h presence
configure:4677: gcc -E  conftest.c
configure:4677: $? = 0
configure:4677: result: yes
configure:4677: checking for netdb.h
configure:4677: result: yes
configure:4677: checking netinet/in.h usability
configure:4677: gcc -c -g -O2  conftest.c >&5
configure:4677: $? = 0
configure:4677: result: yes
configure:4677: checking netinet/in.h presence
configure:4677: gcc -E  conftest.c
configure:4677: $? = 0
configure:4677: result: yes
configure:4677: checking for netinet/in.h
configure:4677: result: yes
configure:4677: checking for stdlib.h
configure:4677: result: yes
configure:4677: checking for string.h
configure:4677: result: yes
configure:4677: checking sys/param.h usability
configure:4677: gcc -c -g -O2  conftest.c >&5
configure:4677: $? = 0
configure:4677: result: yes
configure:4677: checking sys/param.h presence
configure:4677: gcc -E  conftest.c
configure:4677: $? = 0
configure:4677: result: yes
configure:4677: checking for sys/param.h
configure:4677: result: yes
configure:4677: checking sys/socket.h usability
configure:4677: gcc -c -g -O2  conftest.c >&5
configure:4677: $? = 0
configure:4677: result: yes
configure:4677: checking sys/socket.h presence
configure:4677: gcc -E  conftest.c
configure:4677: $? = 0
configure:4677: result: yes
configure:4677: checking for sys/socket.h
configure:4677: result: yes
configure:4677: checking sys/time.h usability
configure:4677: gcc -c -g -O2  conftest.c >&5
configure:4677: $? = 0
configure:4677: result: yes
configure:4677: checking sys/time.h presence
configure:4677: gcc -E  conftest.c
configure:4677: $? = 0
configure:4677: result: yes
configure:4677: checking for sys/time.h
configure:4677: result: yes
configure:4677: checking for unistd.h
configure:4677: result: yes
configure:4690: checking for stdbool.h that conforms to C99
configure:4775: gcc -c -g -O2  conftest.c >&5
configure:4775: $? = 0
configure:4782: result: yes
configure:4784: checking for _Bool
configure:4784: gcc -c -g -O2  conftest.c >&5
configure:4784: $? = 0
configure:4784: gcc -c -g -O2  conftest.c >&5
conftest.c: In function 'main':
conftest.c:66: error: expected expression before ')' token
configure:4784: $? = 1
configure: failed program was:
| /* confdefs.h */
| #define PACKAGE_NAME "qosnslp-ka"
| #define PACKAGE_TARNAME "qosnslp-ka"
| #define PACKAGE_VERSION "0.98"
| #define PACKAGE_STRING "qosnslp-ka 0.98"
| #define PACKAGE_BUGREPORT "roland.bless@kit.edu"
| #define PACKAGE_URL ""
| #define PACKAGE "qosnslp-ka"
| #define VERSION "0.98"
| #define STDC_HEADERS 1
| #define HAVE_SYS_TYPES_H 1
| #define HAVE_SYS_STAT_H 1
| #define HAVE_STDLIB_H 1
| #define HAVE_STRING_H 1
| #define HAVE_MEMORY_H 1
| #define HAVE_STRINGS_H 1
| #define HAVE_INTTYPES_H 1
| #define HAVE_STDINT_H 1
| #define HAVE_UNISTD_H 1
| #define HAVE_ARPA_INET_H 1
| #define HAVE_NETDB_H 1
| #define HAVE_NETINET_IN_H 1
| #define HAVE_STDLIB_H 1
| #define HAVE_STRING_H 1
| #define HAVE_SYS_PARAM_H 1
| #define HAVE_SYS_SOCKET_H 1
| #define HAVE_SYS_TIME_H 1
| #define HAVE_UNISTD_H 1
| /* end confdefs.h.  */
| #include <stdio.h>
| #ifdef HAVE_SYS_TYPES_H
| # include <sys/types.h>
| #endif
| #ifdef HAVE_SYS_STAT_H
| # include <sys/stat.h>
| #endif
| #ifdef STDC_HEADERS
| # include <stdlib.h>
| # include <stddef.h>
| #else
| # ifdef HAVE_STDLIB_H
| #  include <stdlib.h>
| # endif
| #endif
| #ifdef HAVE_STRING_H
| # if !defined STDC_HEADERS && defined HAVE_MEMORY_H
| #  include <memory.h>
| # endif
| # include <string.h>
| #endif
| #ifdef HAVE_STRINGS_H
| # include <strings.h>
| #endif
| #ifdef HAVE_INTTYPES_H
| # include <inttypes.h>
| #endif
| #ifdef HAVE_STDINT_H
| # include <stdint.h>
| #endif
| #ifdef HAVE_UNISTD_H
| # include <unistd.h>
| #endif
| int
| main ()
| {
| if (sizeof ((_Bool)))
| 	    return 0;
|   ;
|   return 0;
| }
configure:4784: result: yes
configure:4800: checking for an ANSI C-conforming const
configure:4865: gcc -c -g -O2  conftest.c >&5
configure:4865: $? = 0
configure:4872: result: yes
configure:4880: checking for inline
configure:4896: gcc -c -g -O2  conftest.c >&5
configure:4896: $? = 0
configure:4904: result: inline
configure:4922: checking for mode_t
configure:4922: gcc -c -g -O2  conftest.c >&5
configure:4922: $? = 0
configure:4922: gcc -c -g -O2  conftest.c >&5
conftest.c: In function 'main':
conftest.c:68: error: expected expression before ')' token
configure:4922: $? = 1
configure: failed program was:
| /* confdefs.h */
| #define PACKAGE_NAME "qosnslp-ka"
| #define PACKAGE_TARNAME "qosnslp-ka"
| #define PACKAGE_VERSION "0.98"
| #define PACKAGE_STRING "qosnslp-ka 0.98"
| #define PACKAGE_BUGREPORT "roland.bless@kit.edu"
| #define PACKAGE_URL ""
| #define PACKAGE "qosnslp-ka"
| #define VERSION "0.98"
| #define STDC_HEADERS 1
| #define HAVE_SYS_TYPES_H 1
| #define HAVE_SYS_STAT_H 1
| #define HAVE_STDLIB_H 1
| #define HAVE_STRING_H 1
| #define HAVE_MEMORY_H 1
| #define HAVE_STRINGS_H 1
| #define HAVE_INTTYPES_H 1
| #define HAVE_STDINT_H 1
| #define HAVE_UNISTD_H 1
| #define HAVE_ARPA_INET_H 1
| #define HAVE_NETDB_H 1
| #define HAVE_NETINET_IN_H 1
| #define HAVE_STDLIB_H 1
| #define HAVE_STRING_H 1
| #define HAVE_SYS_PARAM_H 1
| #define HAVE_SYS_SOCKET_H 1
| #define HAVE_SYS_TIME_H 1
| #define HAVE_UNISTD_H 1
| #define HAVE__BOOL 1
| #define HAVE_STDBOOL_H 1
| /* end confdefs.h.  */
| #include <stdio.h>
| #ifdef HAVE_SYS_TYPES_H
| # include <sys/types.h>
| #endif
| #ifdef HAVE_SYS_STAT_H
| # include <sys/stat.h>
| #endif
| #ifdef STDC_HEADERS
| # include <stdlib.h>
| # include <stddef.h>
| #else
| # ifdef HAVE_STDLIB_H
| #  include <stdlib.h>
| # endif
| #endif
| #ifdef HAVE_STRING_H
| # if !defined STDC_HEADERS && defined HAVE_MEMORY_H
| #  include <memory.h>
| # endif
| # include <string.h>
| #endif
| #ifdef HAVE_STRINGS_H
| # include <strings.h>
| #endif
| #ifdef HAVE_INTTYPES_H
| # include <inttypes.h>
| #endif
| #ifdef HAVE_STDINT_H
| # include <stdint.h>
| #endif
| #ifdef HAVE_UNISTD_H
| # include <unistd.h>
| #endif
| int
| main ()
| {
| if (sizeof ((mode_t)))
| 	    return 0;
|   ;
|   return 0;
| }
configure:4922: result: yes
configure:4933: checking for pid_t
configure:4933: gcc -c -g -O2  conftest.c >&5
configure:4933: $? = 0
configure:4933: gcc -c -g -O2  conftest.c >&5
conftest.c: In function 'main':
conftest.c:68: error: expected expression before ')' token
configure:4933: $? = 1
configure: failed program was:
| /* confdefs.h */
| #define PACKAGE_NAME "qosnslp-ka"
| #define PACKAGE_TARNAME "qosnslp-ka"
| #define PACKAGE_VERSION "0.98"
| #define PACKAGE_STRING "qosnslp-ka 0.98"
| #define PACKAGE_BUGREPORT "roland.bless@kit.edu"
| #define PACKAGE_URL ""
| #define PACKAGE "qosnslp-ka"
| #define VERSION "0.98"
| #define STDC_HEADERS 1
| #define HAVE_SYS_TYPES_H 1
| #define HAVE_SYS_STAT_H 1
| #define HAVE_STDLIB_H 1
| #define HAVE_STRING_H 1
| #define HAVE_MEMORY_H 1
| #define HAVE_STRINGS_H 1
| #define HAVE_INTTYPES_H 1
| #define HAVE_STDINT_H 1
| #define HAVE_UNISTD_H 1
| #define HAVE_ARPA_INET_H 1
| #define HAVE_NETDB_H 1
| #define HAVE_NETINET_IN_H 1
| #define HAVE_STDLIB_H 1
| #define HAVE_STRING_H 1
| #define HAVE_SYS_PARAM_H 1
| #define HAVE_SYS_SOCKET_H 1
| #define HAVE_SYS_TIME_H 1
| #define HAVE_UNISTD_H 1
| #define HAVE__BOOL 1
| #define HAVE_STDBOOL_H 1
| /* end confdefs.h.  */
| #include <stdio.h>
| #ifdef HAVE_SYS_TYPES_H
| # include <sys/types.h>
| #endif
| #ifdef HAVE_SYS_STAT_H
| # include <sys/stat.h>
| #endif
| #ifdef STDC_HEADERS
| # include <stdlib.h>
| # include <stddef.h>
| #else
| # ifdef HAVE_STDLIB_H
| #  include <stdlib.h>
| # endif
| #endif
| #ifdef HAVE_STRING_H
| # if !defined STDC_HEADERS && defined HAVE_MEMORY_H
| #  include <memory.h>
| # endif
| # include <string.h>
| #endif
| #ifdef HAVE_STRINGS_H
| # include <strings.h>
| #endif
| #ifdef HAVE_INTTYPES_H
| # include <inttypes.h>
| #endif
| #ifdef HAVE_STDINT_H
| # include <stdint.h>
| #endif
| #ifdef HAVE_UNISTD_H
| # include <unistd.h>
| #endif
| int
| main ()
| {
| if (sizeof ((pid_t)))
| 	    return 0;
|   ;
|   return 0;
| }
configure:4933: result: yes
configure:4944: checking for size_t
configure:4944: gcc -c -g -O2  conftest.c >&5
configure:4944: $? = 0
configure:4944: gcc -c -g -O2  conftest.c >&5
conftest.c: In function 'main':
conftest.c:68: error: expected expression before ')' token
configure:4944: $? = 1
configure: failed program was:
| /* confdefs.h */
| #define PACKAGE_NAME "qosnslp-ka"
| #define PACKAGE_TARNAME "qosnslp-ka"
| #define PACKAGE_VERSION "0.98"
| #define PACKAGE_STRING "qosnslp-ka 0.98"
| #define PACKAGE_BUGREPORT "roland.bless@kit.edu"
| #define PACKAGE_URL ""
| #define PACKAGE "qosnslp-ka"
| #define VERSION "0.98"
| #define STDC_HEADERS 1
| #define HAVE_SYS_TYPES_H 1
| #define HAVE_SYS_STAT_H 1
| #define HAVE_STDLIB_H 1
| #define HAVE_STRING_H 1
| #define HAVE_MEMORY_H 1
| #define HAVE_STRINGS_H 1
| #define HAVE_INTTYPES_H 1
| #define HAVE_STDINT_H 1
| #define HAVE_UNISTD_H 1
| #define HAVE_ARPA_INET_H 1
| #define HAVE_NETDB_H 1
| #define HAVE_NETINET_IN_H 1
| #define HAVE_STDLIB_H 1
| #define HAVE_STRING_H 1
| #define HAVE_SYS_PARAM_H 1
| #define HAVE_SYS_SOCKET_H 1
| #define HAVE_SYS_TIME_H 1
| #define HAVE_UNISTD_H 1
| #define HAVE__BOOL 1
| #define HAVE_STDBOOL_H 1
| /* end confdefs.h.  */
| #include <stdio.h>
| #ifdef HAVE_SYS_TYPES_H
| # include <sys/types.h>
| #endif
| #ifdef HAVE_SYS_STAT_H
| # include <sys/stat.h>
| #endif
| #ifdef STDC_HEADERS
| # include <stdlib.h>
| # include <stddef.h>
| #else
| # ifdef HAVE_STDLIB_H
| #  include <stdlib.h>
| # endif
| #endif
| #ifdef HAVE_STRING_H
| # if !defined STDC_HEADERS && defined HAVE_MEMORY_H
| #  include <memory.h>
| # endif
| # include <string.h>
| #endif
| #ifdef HAVE_STRINGS_H
| # include <strings.h>
| #endif
| #ifdef HAVE_INTTYPES_H
| # include <inttypes.h>
| #endif
| #ifdef HAVE_STDINT_H
| # include <stdint.h>
| #endif
| #ifdef HAVE_UNISTD_H
| # include <unistd.h>
| #endif
| int
| main ()
| {
| if (sizeof ((size_t)))
| 	    return 0;
|   ;
|   return 0;
| }
configure:4944: result: yes
configure:4955: checking for ssize_t
configure:4955: gcc -c -g -O2  conftest.c >&5
configure:4955: $? = 0
configure:4955: gcc -c -g -O2  conftest.c >&5
conftest.c: In function 'main':
conftest.c:68: error: expected expression before ')' token
configure:4955: $? = 1
configure: failed program was:
| /* confdefs.h */
| #define PACKAGE_NAME "qosnslp-ka"
| #define PACKAGE_TARNAME "qosnslp-ka"
| #define PACKAGE_VERSION "0.98"
| #define PACKAGE_STRING "qosnslp-ka 0.98"
| #define PACKAGE_BUGREPORT "roland.bless@kit.edu"
| #define PACKAGE_URL ""
| #define PACKAGE "qosnslp-ka"
| #define VERSION "0.98"
| #define STDC_HEADERS 1
| #define HAVE_SYS_TYPES_H 1
| #define HAVE_SYS_STAT_H 1
| #define HAVE_STDLIB_H 1
| #define HAVE_STRING_H 1
| #define HAVE_MEMORY_H 1
| #define HAVE_STRINGS_H 1
| #define HAVE_INTTYPES_H 1
| #define HAVE_STDINT_H 1
| #define HAVE_UNISTD_H 1
| #define HAVE_ARPA_INET_H 1
| #define HAVE_NETDB_H 1
| #define HAVE_NETINET_IN_H 1
| #define HAVE_STDLIB_H 1
| #define HAVE_STRING_H 1
| #define HAVE_SYS_PARAM_H 1
| #define HAVE_SYS_SOCKET_H 1
| #define HAVE_SYS_TIME_H 1
| #define HAVE_UNISTD_H 1
| #define HAVE__BOOL 1
| #define HAVE_STDBOOL_H 1
| /* end confdefs.h.  */
| #include <stdio.h>
| #ifdef HAVE_SYS_TYPES_H
| # include <sys/types.h>
| #endif
| #ifdef HAVE_SYS_STAT_H
| # include <sys/stat.h>
| #endif
| #ifdef STDC_HEADERS
| # include <stdlib.h>
| # include <stddef.h>
| #else
| # ifdef HAVE_STDLIB_H
| #  include <stdlib.h>
| # endif
| #endif
| #ifdef HAVE_STRING_H
| # if !defined STDC_HEADERS && defined HAVE_MEMORY_H
| #  include <memory.h>
| # endif
| # include <string.h>
| #endif
| #ifdef HAVE_STRINGS_H
| # include <strings.h>
| #endif
| #ifdef HAVE_INTTYPES_H
| # include <inttypes.h>
| #endif
| #ifdef HAVE_STDINT_H
| # include <stdint.h>
| #endif
| #ifdef HAVE_UNISTD_H
| # include <unistd.h>
| #endif
| int
| main ()
| {
| if (sizeof ((ssize_t)))
| 	    return 0;
|   ;
|   return 0;
| }
configure:4955: result: yes
configure:4966: checking whether time.h and sys/time.h may both be included
configure:4986: gcc -c -g -O2  conftest.c >&5
configure:4986: $? = 0
configure:4993: result: yes
configure:5001: checking whether struct tm is in sys/time.h or time.h
configure:5021: gcc -c -g -O2  conftest.c >&5
configure:5021: $? = 0
configure:5028: result: time.h
configure:5036: checking for uint32_t
configure:5036: gcc -c -g -O2  conftest.c >&5
configure:5036: $? = 0
configure:5036: result: yes
configure:5052: checking for error_at_line
configure:5068: gcc -o conftest -g -O2   conftest.c  >&5
configure:5068: $? = 0
configure:5076: result: yes
configure:5087: checking for working memcmp
configure:5130: gcc -o conftest -g -O2   conftest.c  >&5
configure:5130: $? = 0
configure:5130: ./conftest
configure:5130: $? = 0
configure:5140: result: yes
configure:5149: checking return type of signal handlers
configure:5167: gcc -c -g -O2  conftest.c >&5
conftest.c: In function 'main':
conftest.c:39: error: void value not ignored as it ought to be
configure:5167: $? = 1
configure: failed program was:
| /* confdefs.h */
| #define PACKAGE_NAME "qosnslp-ka"
| #define PACKAGE_TARNAME "qosnslp-ka"
| #define PACKAGE_VERSION "0.98"
| #define PACKAGE_STRING "qosnslp-ka 0.98"
| #define PACKAGE_BUGREPORT "roland.bless@kit.edu"
| #define PACKAGE_URL ""
| #define PACKAGE "qosnslp-ka"
| #define VERSION "0.98"
| #define STDC_HEADERS 1
| #define HAVE_SYS_TYPES_H 1
| #define HAVE_SYS_STAT_H 1
| #define HAVE_STDLIB_H 1
| #define HAVE_STRING_H 1
| #define HAVE_MEMORY_H 1
| #define HAVE_STRINGS_H 1
| #define HAVE_INTTYPES_H 1
| #define HAVE_STDINT_H 1
| #define HAVE_UNISTD_H 1
| #define HAVE_ARPA_INET_H 1
| #define HAVE_NETDB_H 1
| #define HAVE_NETINET_IN_H 1
| #define HAVE_STDLIB_H 1
| #define HAVE_STRING_H 1
| #define HAVE_SYS_PARAM_H 1
| #define HAVE_SYS_SOCKET_H 1
| #define HAVE_SYS_TIME_H 1
| #define HAVE_UNISTD_H 1
| #define HAVE__BOOL 1
| #define HAVE_STDBOOL_H 1
| #define TIME_WITH_SYS_TIME 1
| /* end confdefs.h.  */
| #include <sys/types.h>
| #include <signal.h>
| 
| int
| main ()
| {
| return *(signal (0, 0)) (0) == 1;
|   ;
|   return 0;
| }
configure:5174: result: void
configure:5185: checking for gethostname
configure:5185: gcc -o conftest -g -O2   conftest.c  >&5
configure:5185: $? = 0
configure:5185: result: yes
configure:5185: checking for gettimeofday
configure:5185: gcc -o conftest -g -O2   conftest.c  >&5
configure:5185: $? = 0
configure:5185: result: yes
configure:5185: checking for memset
configure:5185: gcc -o conftest -g -O2   conftest.c  >&5
conftest.c:59: warning: conflicting types for built-in function 'memset'
configure:5185: $? = 0
configure:5185: result: yes
configure:5185: checking for socket
configure:5185: gcc -o conftest -g -O2   conftest.c  >&5
configure:5185: $? = 0
configure:5185: result: yes
configure:5185: checking for strerror
configure:5185: gcc -o conftest -g -O2   conftest.c  >&5
configure:5185: $? = 0
configure:5185: result: yes
configure:5239: checking for ranlib
configure:5255: found /usr/bin/ranlib
configure:5266: result: ranlib
configure:5299: checking whether unordered_map is available
configure:5315: g++ -c -std=c++0x  conftest.cpp >&5
configure:5315: $? = 0
configure:5322: result: yes
configure:5627: creating ./config.status

## ---------------------- ##
## Running config.status. ##
## ---------------------- ##

This file was extended by qosnslp-ka config.status 0.98, which was
generated by GNU Autoconf 2.65.  Invocation command line was

  CONFIG_FILES    = 
  CONFIG_HEADERS  = 
  CONFIG_LINKS    = 
  CONFIG_COMMANDS = 
  $ ./config.status 

on itajai

config.status:802: creating Makefile
config.status:802: creating src/Makefile
config.status:802: creating unittests/Makefile
config.status:965: executing depfiles commands

## ---------------- ##
## Cache variables. ##
## ---------------- ##

ac_cv_c_compiler_gnu=yes
ac_cv_c_const=yes
ac_cv_c_inline=inline
ac_cv_c_uint32_t=yes
ac_cv_cxx_compiler_gnu=yes
ac_cv_env_CCC_set=
ac_cv_env_CCC_value=
ac_cv_env_CC_set=
ac_cv_env_CC_value=
ac_cv_env_CFLAGS_set=
ac_cv_env_CFLAGS_value=
ac_cv_env_CPPFLAGS_set=
ac_cv_env_CPPFLAGS_value=
ac_cv_env_CPP_set=
ac_cv_env_CPP_value=
ac_cv_env_CXXFLAGS_set=
ac_cv_env_CXXFLAGS_value=
ac_cv_env_CXX_set=
ac_cv_env_CXX_value=
ac_cv_env_LDFLAGS_set=
ac_cv_env_LDFLAGS_value=
ac_cv_env_LIBS_set=
ac_cv_env_LIBS_value=
ac_cv_env_build_alias_set=
ac_cv_env_build_alias_value=
ac_cv_env_host_alias_set=
ac_cv_env_host_alias_value=
ac_cv_env_target_alias_set=
ac_cv_env_target_alias_value=
ac_cv_func_gethostname=yes
ac_cv_func_gettimeofday=yes
ac_cv_func_memcmp_working=yes
ac_cv_func_memset=yes
ac_cv_func_socket=yes
ac_cv_func_strerror=yes
ac_cv_header_arpa_inet_h=yes
ac_cv_header_inttypes_h=yes
ac_cv_header_memory_h=yes
ac_cv_header_netdb_h=yes
ac_cv_header_netinet_in_h=yes
ac_cv_header_stdbool_h=yes
ac_cv_header_stdc=yes
ac_cv_header_stdint_h=yes
ac_cv_header_stdlib_h=yes
ac_cv_header_string_h=yes
ac_cv_header_strings_h=yes
ac_cv_header_sys_param_h=yes
ac_cv_header_sys_socket_h=yes
ac_cv_header_sys_stat_h=yes
ac_cv_header_sys_time_h=yes
ac_cv_header_sys_types_h=yes
ac_cv_header_time=yes
ac_cv_header_unistd_h=yes
ac_cv_lib_cppunit_main=no
ac_cv_lib_error_at_line=yes
ac_cv_objext=o
ac_cv_path_EGREP='/bin/grep -E'
ac_cv_path_GREP=/bin/grep
ac_cv_path_install='/usr/bin/install -c'
ac_cv_path_mkdir=/bin/mkdir
ac_cv_prog_AWK=gawk
ac_cv_prog_CPP='gcc -E'
ac_cv_prog_ac_ct_CC=gcc
ac_cv_prog_ac_ct_CXX=g++
ac_cv_prog_ac_ct_RANLIB=ranlib
ac_cv_prog_cc_c89=
ac_cv_prog_cc_g=yes
ac_cv_prog_cxx_g=yes
ac_cv_prog_make_make_set=yes
ac_cv_struct_tm=time.h
ac_cv_type__Bool=yes
ac_cv_type_mode_t=yes
ac_cv_type_pid_t=yes
ac_cv_type_signal=void
ac_cv_type_size_t=yes
ac_cv_type_ssize_t=yes
ac_cv_unordered_map_exists=yes
am_cv_CC_dependencies_compiler_type=gcc3
am_cv_CXX_dependencies_compiler_type=gcc3

## ----------------- ##
## Output variables. ##
## ----------------- ##

ACLOCAL='${SHELL} /home/allan/DevelopmentProjects/ReVir-UFPe/nsis-ka/missing --run aclocal-1.11'
AMDEPBACKSLASH='\'
AMDEP_FALSE='#'
AMDEP_TRUE=''
AMTAR='${SHELL} /home/allan/DevelopmentProjects/ReVir-UFPe/nsis-ka/missing --run tar'
AM_BACKSLASH='\'
AM_DEFAULT_VERBOSITY='0'
AUTOCONF='${SHELL} /home/allan/DevelopmentProjects/ReVir-UFPe/nsis-ka/missing --run autoconf'
AUTOHEADER='${SHELL} /home/allan/DevelopmentProjects/ReVir-UFPe/nsis-ka/missing --run autoheader'
AUTOMAKE='${SHELL} /home/allan/DevelopmentProjects/ReVir-UFPe/nsis-ka/missing --run automake-1.11'
AWK='gawk'
CC='gcc'
CCDEPMODE='depmode=gcc3'
CFLAGS='-g -O2'
CPP='gcc -E'
CPPFLAGS=''
CXX='g++'
CXXDEPMODE='depmode=gcc3'
CXXFLAGS='-g -O2'
CYGPATH_W='echo'
DEFS='-DPACKAGE_NAME=\"qosnslp-ka\" -DPACKAGE_TARNAME=\"qosnslp-ka\" -DPACKAGE_VERSION=\"0.98\" -DPACKAGE_STRING=\"qosnslp-ka\ 0.98\" -DPACKAGE_BUGREPORT=\"roland.bless@kit.edu\" -DPACKAGE_URL=\"\" -DPACKAGE=\"qosnslp-ka\" -DVERSION=\"0.98\" -DSTDC_HEADERS=1 -DHAVE_SYS_TYPES_H=1 -DHAVE_SYS_STAT_H=1 -DHAVE_STDLIB_H=1 -DHAVE_STRING_H=1 -DHAVE_MEMORY_H=1 -DHAVE_STRINGS_H=1 -DHAVE_INTTYPES_H=1 -DHAVE_STDINT_H=1 -DHAVE_UNISTD_H=1 -DHAVE_ARPA_INET_H=1 -DHAVE_NETDB_H=1 -DHAVE_NETINET_IN_H=1 -DHAVE_STDLIB_H=1 -DHAVE_STRING_H=1 -DHAVE_SYS_PARAM_H=1 -DHAVE_SYS_SOCKET_H=1 -DHAVE_SYS_TIME_H=1 -DHAVE_UNISTD_H=1 -DHAVE__BOOL=1 -DHAVE_STDBOOL_H=1 -DTIME_WITH_SYS_TIME=1 -DRETSIGTYPE=void -DHAVE_GETHOSTNAME=1 -DHAVE_GETTIMEOFDAY=1 -DHAVE_MEMSET=1 -DHAVE_SOCKET=1 -DHAVE_STRERROR=1'
DEPDIR='.deps'
ECHO_C=''
ECHO_N='-n'
ECHO_T=''
EGREP='/bin/grep -E'
EXEEXT=''
GREP='/bin/grep'
INSTALL_DATA='${INSTALL} -m 644'
INSTALL_PROGRAM='${INSTALL}'
INSTALL_SCRIPT='${INSTALL}'
INSTALL_STRIP_PROGRAM='$(install_sh) -c -s'
LDFLAGS=''
LIBOBJS=''
LIBS=''
LTLIBOBJS=''
MAKEINFO='${SHELL} /home/allan/DevelopmentProjects/ReVir-UFPe/nsis-ka/missing --run makeinfo'
MKDIR_P='/bin/mkdir -p'
NSIS_NO_WARN_HASHMAP_FALSE='#'
NSIS_NO_WARN_HASHMAP_TRUE=''
OBJEXT='o'
PACKAGE='qosnslp-ka'
PACKAGE_BUGREPORT='roland.bless@kit.edu'
PACKAGE_NAME='qosnslp-ka'
PACKAGE_STRING='qosnslp-ka 0.98'
PACKAGE_TARNAME='qosnslp-ka'
PACKAGE_URL=''
PACKAGE_VERSION='0.98'
PATH_SEPARATOR=':'
QOSNSLP_DISABLE_LOGGING_FALSE=''
QOSNSLP_DISABLE_LOGGING_TRUE='#'
QOSNSLP_ENABLE_BENCHMARK_FALSE=''
QOSNSLP_ENABLE_BENCHMARK_TRUE='#'
RANLIB='ranlib'
SET_MAKE=''
SHELL='/bin/bash'
STRIP=''
USE_AHO_FALSE=''
USE_AHO_TRUE='#'
USE_UNORDERED_MAP_FALSE='#'
USE_UNORDERED_MAP_TRUE=''
USE_WITH_FLOWINFO_FALSE=''
USE_WITH_FLOWINFO_TRUE='#'
USE_WITH_SCTP_FALSE=''
USE_WITH_SCTP_TRUE='#'
VERSION='0.98'
ac_ct_CC='gcc'
ac_ct_CXX='g++'
am__EXEEXT_FALSE=''
am__EXEEXT_TRUE='#'
am__fastdepCC_FALSE='#'
am__fastdepCC_TRUE=''
am__fastdepCXX_FALSE='#'
am__fastdepCXX_TRUE=''
am__include='include'
am__isrc=''
am__leading_dot='.'
am__quote=''
am__tar='${AMTAR} chof - "$$tardir"'
am__untar='${AMTAR} xf -'
bindir='${exec_prefix}/bin'
build_alias=''
datadir='${datarootdir}'
datarootdir='${prefix}/share'
docdir='${datarootdir}/doc/${PACKAGE_TARNAME}'
dvidir='${docdir}'
exec_prefix='${prefix}'
host_alias=''
htmldir='${docdir}'
includedir='${prefix}/include'
infodir='${datarootdir}/info'
install_sh='${SHELL} /home/allan/DevelopmentProjects/ReVir-UFPe/nsis-ka/install-sh'
libdir='${exec_prefix}/lib'
libexecdir='${exec_prefix}/libexec'
localedir='${datarootdir}/locale'
localstatedir='${prefix}/var'
mandir='${datarootdir}/man'
mkdir_p='/bin/mkdir -p'
oldincludedir='/usr/include'
pdfdir='${docdir}'
prefix='/usr/local'
program_transform_name='s,x,x,'
psdir='${docdir}'
sbindir='${exec_prefix}/sbin'
sharedstatedir='${prefix}/com'
sysconfdir='${prefix}/etc'
target_alias=''

## ----------- ##
## confdefs.h. ##
## ----------- ##

/* confdefs.h */
#define PACKAGE_NAME "qosnslp-ka"
#define PACKAGE_TARNAME "qosnslp-ka"
#define PACKAGE_VERSION "0.98"
#define PACKAGE_STRING "qosnslp-ka 0.98"
#define PACKAGE_BUGREPORT "roland.bless@kit.edu"
#define PACKAGE_URL ""
#define PACKAGE "qosnslp-ka"
#define VERSION "0.98"
#define STDC_HEADERS 1
#define HAVE_SYS_TYPES_H 1
#define HAVE_SYS_STAT_H 1
#define HAVE_STDLIB_H 1
#define HAVE_STRING_H 1
#define HAVE_MEMORY_H 1
#define HAVE_STRINGS_H 1
#define HAVE_INTTYPES_H 1
#define HAVE_STDINT_H 1
#define HAVE_UNISTD_H 1
#define HAVE_ARPA_INET_H 1
#define HAVE_NETDB_H 1
#define HAVE_NETINET_IN_H 1
#define HAVE_STDLIB_H 1
#define HAVE_STRING_H 1
#define HAVE_SYS_PARAM_H 1
#define HAVE_SYS_SOCKET_H 1
#define HAVE_SYS_TIME_H 1
#define HAVE_UNISTD_H 1
#define HAVE__BOOL 1
#define HAVE_STDBOOL_H 1
#define TIME_WITH_SYS_TIME 1
#define RETSIGTYPE void
#define HAVE_GETHOSTNAME 1
#define HAVE_GETTIMEOFDAY 1
#define HAVE_MEMSET 1
#define HAVE_SOCKET 1
#define HAVE_STRERROR 1

configure: exit 0
