This file contains any messages produced by compilers while
running configure, to aid debugging if configure makes a mistake.

It was created by gist-ka configure 0.98, which was
generated by GNU Autoconf 2.65.  Invocation command line was

  $ ./configure --disable-option-checking --prefix=/usr/local --cache-file=/dev/null --srcdir=.

## --------- ##
## Platform. ##
## --------- ##

hostname = itajai
uname -m = x86_64
uname -r = 2.6.32-32-generic
uname -s = Linux
uname -v = #62-Ubuntu SMP Wed Apr 20 21:52:38 UTC 2011

/usr/bin/uname -p = unknown
/bin/uname -X     = unknown

/bin/arch              = unknown
/usr/bin/arch -k       = unknown
/usr/convex/getsysinfo = unknown
/usr/bin/hostinfo      = unknown
/bin/machine           = unknown
/usr/bin/oslevel       = unknown
/bin/universe          = unknown

PATH: /usr/local/sbin
PATH: /usr/local/bin
PATH: /usr/sbin
PATH: /usr/bin
PATH: /sbin
PATH: /bin
PATH: /usr/games
PATH: /home/allan/opt/omnetpp-4.1/bin


## ----------- ##
## Core tests. ##
## ----------- ##

configure:2379: checking for a BSD-compatible install
configure:2447: result: /usr/bin/install -c
configure:2458: checking whether build environment is sane
configure:2508: result: yes
configure:2649: checking for a thread-safe mkdir -p
configure:2688: result: /bin/mkdir -p
configure:2701: checking for gawk
configure:2717: found /usr/bin/gawk
configure:2728: result: gawk
configure:2739: checking whether make sets $(MAKE)
configure:2761: result: yes
configure:2928: checking for g++
configure:2944: found /usr/bin/g++
configure:2955: result: g++
configure:2982: checking for C++ compiler version
configure:2991: g++ --version >&5
g++ (Ubuntu 4.4.3-4ubuntu5) 4.4.3
Copyright (C) 2009 Free Software Foundation, Inc.
This is free software; see the source for copying conditions.  There is NO
warranty; not even for MERCHANTABILITY or FITNESS FOR A PARTICULAR PURPOSE.

configure:3002: $? = 0
configure:2991: g++ -v >&5
Using built-in specs.
Target: x86_64-linux-gnu
Configured with: ../src/configure -v --with-pkgversion='Ubuntu 4.4.3-4ubuntu5' --with-bugurl=file:///usr/share/doc/gcc-4.4/README.Bugs --enable-languages=c,c++,fortran,objc,obj-c++ --prefix=/usr --enable-shared --enable-multiarch --enable-linker-build-id --with-system-zlib --libexecdir=/usr/lib --without-included-gettext --enable-threads=posix --with-gxx-include-dir=/usr/include/c++/4.4 --program-suffix=-4.4 --enable-nls --enable-clocale=gnu --enable-libstdcxx-debug --enable-plugin --enable-objc-gc --disable-werror --with-arch-32=i486 --with-tune=generic --enable-checking=release --build=x86_64-linux-gnu --host=x86_64-linux-gnu --target=x86_64-linux-gnu
Thread model: posix
gcc version 4.4.3 (Ubuntu 4.4.3-4ubuntu5) 
configure:3002: $? = 0
configure:2991: g++ -V >&5
g++: '-V' option must have argument
configure:3002: $? = 1
configure:2991: g++ -qversion >&5
g++: unrecognized option '-qversion'
g++: no input files
configure:3002: $? = 1
configure:3022: checking whether the C++ compiler works
configure:3044: g++    conftest.cpp  >&5
configure:3048: $? = 0
configure:3097: result: yes
configure:3100: checking for C++ compiler default output file name
configure:3102: result: a.out
configure:3108: checking for suffix of executables
configure:3115: g++ -o conftest    conftest.cpp  >&5
configure:3119: $? = 0
configure:3141: result: 
configure:3163: checking whether we are cross compiling
configure:3171: g++ -o conftest    conftest.cpp  >&5
configure:3175: $? = 0
configure:3182: ./conftest
configure:3186: $? = 0
configure:3201: result: no
configure:3206: checking for suffix of object files
configure:3228: g++ -c   conftest.cpp >&5
configure:3232: $? = 0
configure:3253: result: o
configure:3257: checking whether we are using the GNU C++ compiler
configure:3276: g++ -c   conftest.cpp >&5
configure:3276: $? = 0
configure:3285: result: yes
configure:3294: checking whether g++ accepts -g
configure:3314: g++ -c -g  conftest.cpp >&5
configure:3314: $? = 0
configure:3355: result: yes
configure:3389: checking for style of include used by make
configure:3417: result: GNU
configure:3442: checking dependency style of g++
configure:3552: result: gcc3
configure:3615: checking for gcc
configure:3631: found /usr/bin/gcc
configure:3642: result: gcc
configure:3871: checking for C compiler version
configure:3880: gcc --version >&5
gcc (Ubuntu 4.4.3-4ubuntu5) 4.4.3
Copyright (C) 2009 Free Software Foundation, Inc.
This is free software; see the source for copying conditions.  There is NO
warranty; not even for MERCHANTABILITY or FITNESS FOR A PARTICULAR PURPOSE.

configure:3891: $? = 0
configure:3880: gcc -v >&5
Using built-in specs.
Target: x86_64-linux-gnu
Configured with: ../src/configure -v --with-pkgversion='Ubuntu 4.4.3-4ubuntu5' --with-bugurl=file:///usr/share/doc/gcc-4.4/README.Bugs --enable-languages=c,c++,fortran,objc,obj-c++ --prefix=/usr --enable-shared --enable-multiarch --enable-linker-build-id --with-system-zlib --libexecdir=/usr/lib --without-included-gettext --enable-threads=posix --with-gxx-include-dir=/usr/include/c++/4.4 --program-suffix=-4.4 --enable-nls --enable-clocale=gnu --enable-libstdcxx-debug --enable-plugin --enable-objc-gc --disable-werror --with-arch-32=i486 --with-tune=generic --enable-checking=release --build=x86_64-linux-gnu --host=x86_64-linux-gnu --target=x86_64-linux-gnu
Thread model: posix
gcc version 4.4.3 (Ubuntu 4.4.3-4ubuntu5) 
configure:3891: $? = 0
configure:3880: gcc -V >&5
gcc: '-V' option must have argument
configure:3891: $? = 1
configure:3880: gcc -qversion >&5
gcc: unrecognized option '-qversion'
gcc: no input files
configure:3891: $? = 1
configure:3895: checking whether we are using the GNU C compiler
configure:3914: gcc -c   conftest.c >&5
configure:3914: $? = 0
configure:3923: result: yes
configure:3932: checking whether gcc accepts -g
configure:3952: gcc -c -g  conftest.c >&5
configure:3952: $? = 0
configure:3993: result: yes
configure:4010: checking for gcc option to accept ISO C89
configure:4074: gcc  -c -g -O2  conftest.c >&5
configure:4074: $? = 0
configure:4087: result: none needed
configure:4109: checking dependency style of gcc
configure:4219: result: gcc3
configure:4234: checking whether make sets $(MAKE)
configure:4256: result: yes
configure:4270: checking how to run the C preprocessor
configure:4301: gcc -E  conftest.c
configure:4301: $? = 0
configure:4315: gcc -E  conftest.c
conftest.c:11:28: error: ac_nonexistent.h: No such file or directory
configure:4315: $? = 1
configure: failed program was:
| /* confdefs.h */
| #define PACKAGE_NAME "gist-ka"
| #define PACKAGE_TARNAME "gist-ka"
| #define PACKAGE_VERSION "0.98"
| #define PACKAGE_STRING "gist-ka 0.98"
| #define PACKAGE_BUGREPORT "roland.bless@kit.edu"
| #define PACKAGE_URL ""
| #define PACKAGE "gist-ka"
| #define VERSION "0.98"
| /* end confdefs.h.  */
| #include <ac_nonexistent.h>
configure:4340: result: gcc -E
configure:4360: gcc -E  conftest.c
configure:4360: $? = 0
configure:4374: gcc -E  conftest.c
conftest.c:11:28: error: ac_nonexistent.h: No such file or directory
configure:4374: $? = 1
configure: failed program was:
| /* confdefs.h */
| #define PACKAGE_NAME "gist-ka"
| #define PACKAGE_TARNAME "gist-ka"
| #define PACKAGE_VERSION "0.98"
| #define PACKAGE_STRING "gist-ka 0.98"
| #define PACKAGE_BUGREPORT "roland.bless@kit.edu"
| #define PACKAGE_URL ""
| #define PACKAGE "gist-ka"
| #define VERSION "0.98"
| /* end confdefs.h.  */
| #include <ac_nonexistent.h>
configure:4408: checking for main in -lcppunit
configure:4427: gcc -o conftest -g -O2   conftest.c -lcppunit   >&5
/usr/bin/ld: cannot find -lcppunit
collect2: ld returned 1 exit status
configure:4427: $? = 1
configure: failed program was:
| /* confdefs.h */
| #define PACKAGE_NAME "gist-ka"
| #define PACKAGE_TARNAME "gist-ka"
| #define PACKAGE_VERSION "0.98"
| #define PACKAGE_STRING "gist-ka 0.98"
| #define PACKAGE_BUGREPORT "roland.bless@kit.edu"
| #define PACKAGE_URL ""
| #define PACKAGE "gist-ka"
| #define VERSION "0.98"
| /* end confdefs.h.  */
| 
| 
| int
| main ()
| {
| return main ();
|   ;
|   return 0;
| }
configure:4436: result: no
configure:4450: checking for grep that handles long lines and -e
configure:4508: result: /bin/grep
configure:4513: checking for egrep
configure:4575: result: /bin/grep -E
configure:4580: checking for ANSI C header files
configure:4600: gcc -c -g -O2  conftest.c >&5
configure:4600: $? = 0
configure:4673: gcc -o conftest -g -O2   conftest.c  >&5
configure:4673: $? = 0
configure:4673: ./conftest
configure:4673: $? = 0
configure:4684: result: yes
configure:4697: checking for sys/types.h
configure:4697: gcc -c -g -O2  conftest.c >&5
configure:4697: $? = 0
configure:4697: result: yes
configure:4697: checking for sys/stat.h
configure:4697: gcc -c -g -O2  conftest.c >&5
configure:4697: $? = 0
configure:4697: result: yes
configure:4697: checking for stdlib.h
configure:4697: gcc -c -g -O2  conftest.c >&5
configure:4697: $? = 0
configure:4697: result: yes
configure:4697: checking for string.h
configure:4697: gcc -c -g -O2  conftest.c >&5
configure:4697: $? = 0
configure:4697: result: yes
configure:4697: checking for memory.h
configure:4697: gcc -c -g -O2  conftest.c >&5
configure:4697: $? = 0
configure:4697: result: yes
configure:4697: checking for strings.h
configure:4697: gcc -c -g -O2  conftest.c >&5
configure:4697: $? = 0
configure:4697: result: yes
configure:4697: checking for inttypes.h
configure:4697: gcc -c -g -O2  conftest.c >&5
configure:4697: $? = 0
configure:4697: result: yes
configure:4697: checking for stdint.h
configure:4697: gcc -c -g -O2  conftest.c >&5
configure:4697: $? = 0
configure:4697: result: yes
configure:4697: checking for unistd.h
configure:4697: gcc -c -g -O2  conftest.c >&5
configure:4697: $? = 0
configure:4697: result: yes
configure:4713: checking arpa/inet.h usability
configure:4713: gcc -c -g -O2  conftest.c >&5
configure:4713: $? = 0
configure:4713: result: yes
configure:4713: checking arpa/inet.h presence
configure:4713: gcc -E  conftest.c
configure:4713: $? = 0
configure:4713: result: yes
configure:4713: checking for arpa/inet.h
configure:4713: result: yes
configure:4713: checking netdb.h usability
configure:4713: gcc -c -g -O2  conftest.c >&5
configure:4713: $? = 0
configure:4713: result: yes
configure:4713: checking netdb.h presence
configure:4713: gcc -E  conftest.c
configure:4713: $? = 0
configure:4713: result: yes
configure:4713: checking for netdb.h
configure:4713: result: yes
configure:4713: checking netinet/in.h usability
configure:4713: gcc -c -g -O2  conftest.c >&5
configure:4713: $? = 0
configure:4713: result: yes
configure:4713: checking netinet/in.h presence
configure:4713: gcc -E  conftest.c
configure:4713: $? = 0
configure:4713: result: yes
configure:4713: checking for netinet/in.h
configure:4713: result: yes
configure:4713: checking for stdlib.h
configure:4713: result: yes
configure:4713: checking for string.h
configure:4713: result: yes
configure:4713: checking sys/param.h usability
configure:4713: gcc -c -g -O2  conftest.c >&5
configure:4713: $? = 0
configure:4713: result: yes
configure:4713: checking sys/param.h presence
configure:4713: gcc -E  conftest.c
configure:4713: $? = 0
configure:4713: result: yes
configure:4713: checking for sys/param.h
configure:4713: result: yes
configure:4713: checking sys/socket.h usability
configure:4713: gcc -c -g -O2  conftest.c >&5
configure:4713: $? = 0
configure:4713: result: yes
configure:4713: checking sys/socket.h presence
configure:4713: gcc -E  conftest.c
configure:4713: $? = 0
configure:4713: result: yes
configure:4713: checking for sys/socket.h
configure:4713: result: yes
configure:4713: checking sys/time.h usability
configure:4713: gcc -c -g -O2  conftest.c >&5
configure:4713: $? = 0
configure:4713: result: yes
configure:4713: checking sys/time.h presence
configure:4713: gcc -E  conftest.c
configure:4713: $? = 0
configure:4713: result: yes
configure:4713: checking for sys/time.h
configure:4713: result: yes
configure:4713: checking for unistd.h
configure:4713: result: yes
configure:4726: checking for stdbool.h that conforms to C99
configure:4811: gcc -c -g -O2  conftest.c >&5
configure:4811: $? = 0
configure:4818: result: yes
configure:4820: checking for _Bool
configure:4820: gcc -c -g -O2  conftest.c >&5
configure:4820: $? = 0
configure:4820: gcc -c -g -O2  conftest.c >&5
conftest.c: In function 'main':
conftest.c:66: error: expected expression before ')' token
configure:4820: $? = 1
configure: failed program was:
| /* confdefs.h */
| #define PACKAGE_NAME "gist-ka"
| #define PACKAGE_TARNAME "gist-ka"
| #define PACKAGE_VERSION "0.98"
| #define PACKAGE_STRING "gist-ka 0.98"
| #define PACKAGE_BUGREPORT "roland.bless@kit.edu"
| #define PACKAGE_URL ""
| #define PACKAGE "gist-ka"
| #define VERSION "0.98"
| #define STDC_HEADERS 1
| #define HAVE_SYS_TYPES_H 1
| #define HAVE_SYS_STAT_H 1
| #define HAVE_STDLIB_H 1
| #define HAVE_STRING_H 1
| #define HAVE_MEMORY_H 1
| #define HAVE_STRINGS_H 1
| #define HAVE_INTTYPES_H 1
| #define HAVE_STDINT_H 1
| #define HAVE_UNISTD_H 1
| #define HAVE_ARPA_INET_H 1
| #define HAVE_NETDB_H 1
| #define HAVE_NETINET_IN_H 1
| #define HAVE_STDLIB_H 1
| #define HAVE_STRING_H 1
| #define HAVE_SYS_PARAM_H 1
| #define HAVE_SYS_SOCKET_H 1
| #define HAVE_SYS_TIME_H 1
| #define HAVE_UNISTD_H 1
| /* end confdefs.h.  */
| #include <stdio.h>
| #ifdef HAVE_SYS_TYPES_H
| # include <sys/types.h>
| #endif
| #ifdef HAVE_SYS_STAT_H
| # include <sys/stat.h>
| #endif
| #ifdef STDC_HEADERS
| # include <stdlib.h>
| # include <stddef.h>
| #else
| # ifdef HAVE_STDLIB_H
| #  include <stdlib.h>
| # endif
| #endif
| #ifdef HAVE_STRING_H
| # if !defined STDC_HEADERS && defined HAVE_MEMORY_H
| #  include <memory.h>
| # endif
| # include <string.h>
| #endif
| #ifdef HAVE_STRINGS_H
| # include <strings.h>
| #endif
| #ifdef HAVE_INTTYPES_H
| # include <inttypes.h>
| #endif
| #ifdef HAVE_STDINT_H
| # include <stdint.h>
| #endif
| #ifdef HAVE_UNISTD_H
| # include <unistd.h>
| #endif
| int
| main ()
| {
| if (sizeof ((_Bool)))
| 	    return 0;
|   ;
|   return 0;
| }
configure:4820: result: yes
configure:4836: checking for an ANSI C-conforming const
configure:4901: gcc -c -g -O2  conftest.c >&5
configure:4901: $? = 0
configure:4908: result: yes
configure:4916: checking for inline
configure:4932: gcc -c -g -O2  conftest.c >&5
configure:4932: $? = 0
configure:4940: result: inline
configure:4958: checking for mode_t
configure:4958: gcc -c -g -O2  conftest.c >&5
configure:4958: $? = 0
configure:4958: gcc -c -g -O2  conftest.c >&5
conftest.c: In function 'main':
conftest.c:68: error: expected expression before ')' token
configure:4958: $? = 1
configure: failed program was:
| /* confdefs.h */
| #define PACKAGE_NAME "gist-ka"
| #define PACKAGE_TARNAME "gist-ka"
| #define PACKAGE_VERSION "0.98"
| #define PACKAGE_STRING "gist-ka 0.98"
| #define PACKAGE_BUGREPORT "roland.bless@kit.edu"
| #define PACKAGE_URL ""
| #define PACKAGE "gist-ka"
| #define VERSION "0.98"
| #define STDC_HEADERS 1
| #define HAVE_SYS_TYPES_H 1
| #define HAVE_SYS_STAT_H 1
| #define HAVE_STDLIB_H 1
| #define HAVE_STRING_H 1
| #define HAVE_MEMORY_H 1
| #define HAVE_STRINGS_H 1
| #define HAVE_INTTYPES_H 1
| #define HAVE_STDINT_H 1
| #define HAVE_UNISTD_H 1
| #define HAVE_ARPA_INET_H 1
| #define HAVE_NETDB_H 1
| #define HAVE_NETINET_IN_H 1
| #define HAVE_STDLIB_H 1
| #define HAVE_STRING_H 1
| #define HAVE_SYS_PARAM_H 1
| #define HAVE_SYS_SOCKET_H 1
| #define HAVE_SYS_TIME_H 1
| #define HAVE_UNISTD_H 1
| #define HAVE__BOOL 1
| #define HAVE_STDBOOL_H 1
| /* end confdefs.h.  */
| #include <stdio.h>
| #ifdef HAVE_SYS_TYPES_H
| # include <sys/types.h>
| #endif
| #ifdef HAVE_SYS_STAT_H
| # include <sys/stat.h>
| #endif
| #ifdef STDC_HEADERS
| # include <stdlib.h>
| # include <stddef.h>
| #else
| # ifdef HAVE_STDLIB_H
| #  include <stdlib.h>
| # endif
| #endif
| #ifdef HAVE_STRING_H
| # if !defined STDC_HEADERS && defined HAVE_MEMORY_H
| #  include <memory.h>
| # endif
| # include <string.h>
| #endif
| #ifdef HAVE_STRINGS_H
| # include <strings.h>
| #endif
| #ifdef HAVE_INTTYPES_H
| # include <inttypes.h>
| #endif
| #ifdef HAVE_STDINT_H
| # include <stdint.h>
| #endif
| #ifdef HAVE_UNISTD_H
| # include <unistd.h>
| #endif
| int
| main ()
| {
| if (sizeof ((mode_t)))
| 	    return 0;
|   ;
|   return 0;
| }
configure:4958: result: yes
configure:4969: checking for pid_t
configure:4969: gcc -c -g -O2  conftest.c >&5
configure:4969: $? = 0
configure:4969: gcc -c -g -O2  conftest.c >&5
conftest.c: In function 'main':
conftest.c:68: error: expected expression before ')' token
configure:4969: $? = 1
configure: failed program was:
| /* confdefs.h */
| #define PACKAGE_NAME "gist-ka"
| #define PACKAGE_TARNAME "gist-ka"
| #define PACKAGE_VERSION "0.98"
| #define PACKAGE_STRING "gist-ka 0.98"
| #define PACKAGE_BUGREPORT "roland.bless@kit.edu"
| #define PACKAGE_URL ""
| #define PACKAGE "gist-ka"
| #define VERSION "0.98"
| #define STDC_HEADERS 1
| #define HAVE_SYS_TYPES_H 1
| #define HAVE_SYS_STAT_H 1
| #define HAVE_STDLIB_H 1
| #define HAVE_STRING_H 1
| #define HAVE_MEMORY_H 1
| #define HAVE_STRINGS_H 1
| #define HAVE_INTTYPES_H 1
| #define HAVE_STDINT_H 1
| #define HAVE_UNISTD_H 1
| #define HAVE_ARPA_INET_H 1
| #define HAVE_NETDB_H 1
| #define HAVE_NETINET_IN_H 1
| #define HAVE_STDLIB_H 1
| #define HAVE_STRING_H 1
| #define HAVE_SYS_PARAM_H 1
| #define HAVE_SYS_SOCKET_H 1
| #define HAVE_SYS_TIME_H 1
| #define HAVE_UNISTD_H 1
| #define HAVE__BOOL 1
| #define HAVE_STDBOOL_H 1
| /* end confdefs.h.  */
| #include <stdio.h>
| #ifdef HAVE_SYS_TYPES_H
| # include <sys/types.h>
| #endif
| #ifdef HAVE_SYS_STAT_H
| # include <sys/stat.h>
| #endif
| #ifdef STDC_HEADERS
| # include <stdlib.h>
| # include <stddef.h>
| #else
| # ifdef HAVE_STDLIB_H
| #  include <stdlib.h>
| # endif
| #endif
| #ifdef HAVE_STRING_H
| # if !defined STDC_HEADERS && defined HAVE_MEMORY_H
| #  include <memory.h>
| # endif
| # include <string.h>
| #endif
| #ifdef HAVE_STRINGS_H
| # include <strings.h>
| #endif
| #ifdef HAVE_INTTYPES_H
| # include <inttypes.h>
| #endif
| #ifdef HAVE_STDINT_H
| # include <stdint.h>
| #endif
| #ifdef HAVE_UNISTD_H
| # include <unistd.h>
| #endif
| int
| main ()
| {
| if (sizeof ((pid_t)))
| 	    return 0;
|   ;
|   return 0;
| }
configure:4969: result: yes
configure:4980: checking for size_t
configure:4980: gcc -c -g -O2  conftest.c >&5
configure:4980: $? = 0
configure:4980: gcc -c -g -O2  conftest.c >&5
conftest.c: In function 'main':
conftest.c:68: error: expected expression before ')' token
configure:4980: $? = 1
configure: failed program was:
| /* confdefs.h */
| #define PACKAGE_NAME "gist-ka"
| #define PACKAGE_TARNAME "gist-ka"
| #define PACKAGE_VERSION "0.98"
| #define PACKAGE_STRING "gist-ka 0.98"
| #define PACKAGE_BUGREPORT "roland.bless@kit.edu"
| #define PACKAGE_URL ""
| #define PACKAGE "gist-ka"
| #define VERSION "0.98"
| #define STDC_HEADERS 1
| #define HAVE_SYS_TYPES_H 1
| #define HAVE_SYS_STAT_H 1
| #define HAVE_STDLIB_H 1
| #define HAVE_STRING_H 1
| #define HAVE_MEMORY_H 1
| #define HAVE_STRINGS_H 1
| #define HAVE_INTTYPES_H 1
| #define HAVE_STDINT_H 1
| #define HAVE_UNISTD_H 1
| #define HAVE_ARPA_INET_H 1
| #define HAVE_NETDB_H 1
| #define HAVE_NETINET_IN_H 1
| #define HAVE_STDLIB_H 1
| #define HAVE_STRING_H 1
| #define HAVE_SYS_PARAM_H 1
| #define HAVE_SYS_SOCKET_H 1
| #define HAVE_SYS_TIME_H 1
| #define HAVE_UNISTD_H 1
| #define HAVE__BOOL 1
| #define HAVE_STDBOOL_H 1
| /* end confdefs.h.  */
| #include <stdio.h>
| #ifdef HAVE_SYS_TYPES_H
| # include <sys/types.h>
| #endif
| #ifdef HAVE_SYS_STAT_H
| # include <sys/stat.h>
| #endif
| #ifdef STDC_HEADERS
| # include <stdlib.h>
| # include <stddef.h>
| #else
| # ifdef HAVE_STDLIB_H
| #  include <stdlib.h>
| # endif
| #endif
| #ifdef HAVE_STRING_H
| # if !defined STDC_HEADERS && defined HAVE_MEMORY_H
| #  include <memory.h>
| # endif
| # include <string.h>
| #endif
| #ifdef HAVE_STRINGS_H
| # include <strings.h>
| #endif
| #ifdef HAVE_INTTYPES_H
| # include <inttypes.h>
| #endif
| #ifdef HAVE_STDINT_H
| # include <stdint.h>
| #endif
| #ifdef HAVE_UNISTD_H
| # include <unistd.h>
| #endif
| int
| main ()
| {
| if (sizeof ((size_t)))
| 	    return 0;
|   ;
|   return 0;
| }
configure:4980: result: yes
configure:4991: checking for ssize_t
configure:4991: gcc -c -g -O2  conftest.c >&5
configure:4991: $? = 0
configure:4991: gcc -c -g -O2  conftest.c >&5
conftest.c: In function 'main':
conftest.c:68: error: expected expression before ')' token
configure:4991: $? = 1
configure: failed program was:
| /* confdefs.h */
| #define PACKAGE_NAME "gist-ka"
| #define PACKAGE_TARNAME "gist-ka"
| #define PACKAGE_VERSION "0.98"
| #define PACKAGE_STRING "gist-ka 0.98"
| #define PACKAGE_BUGREPORT "roland.bless@kit.edu"
| #define PACKAGE_URL ""
| #define PACKAGE "gist-ka"
| #define VERSION "0.98"
| #define STDC_HEADERS 1
| #define HAVE_SYS_TYPES_H 1
| #define HAVE_SYS_STAT_H 1
| #define HAVE_STDLIB_H 1
| #define HAVE_STRING_H 1
| #define HAVE_MEMORY_H 1
| #define HAVE_STRINGS_H 1
| #define HAVE_INTTYPES_H 1
| #define HAVE_STDINT_H 1
| #define HAVE_UNISTD_H 1
| #define HAVE_ARPA_INET_H 1
| #define HAVE_NETDB_H 1
| #define HAVE_NETINET_IN_H 1
| #define HAVE_STDLIB_H 1
| #define HAVE_STRING_H 1
| #define HAVE_SYS_PARAM_H 1
| #define HAVE_SYS_SOCKET_H 1
| #define HAVE_SYS_TIME_H 1
| #define HAVE_UNISTD_H 1
| #define HAVE__BOOL 1
| #define HAVE_STDBOOL_H 1
| /* end confdefs.h.  */
| #include <stdio.h>
| #ifdef HAVE_SYS_TYPES_H
| # include <sys/types.h>
| #endif
| #ifdef HAVE_SYS_STAT_H
| # include <sys/stat.h>
| #endif
| #ifdef STDC_HEADERS
| # include <stdlib.h>
| # include <stddef.h>
| #else
| # ifdef HAVE_STDLIB_H
| #  include <stdlib.h>
| # endif
| #endif
| #ifdef HAVE_STRING_H
| # if !defined STDC_HEADERS && defined HAVE_MEMORY_H
| #  include <memory.h>
| # endif
| # include <string.h>
| #endif
| #ifdef HAVE_STRINGS_H
| # include <strings.h>
| #endif
| #ifdef HAVE_INTTYPES_H
| # include <inttypes.h>
| #endif
| #ifdef HAVE_STDINT_H
| # include <stdint.h>
| #endif
| #ifdef HAVE_UNISTD_H
| # include <unistd.h>
| #endif
| int
| main ()
| {
| if (sizeof ((ssize_t)))
| 	    return 0;
|   ;
|   return 0;
| }
configure:4991: result: yes
configure:5002: checking whether time.h and sys/time.h may both be included
configure:5022: gcc -c -g -O2  conftest.c >&5
configure:5022: $? = 0
configure:5029: result: yes
configure:5037: checking whether struct tm is in sys/time.h or time.h
configure:5057: gcc -c -g -O2  conftest.c >&5
configure:5057: $? = 0
configure:5064: result: time.h
configure:5072: checking for uint32_t
configure:5072: gcc -c -g -O2  conftest.c >&5
configure:5072: $? = 0
configure:5072: result: yes
configure:5088: checking for error_at_line
configure:5104: gcc -o conftest -g -O2   conftest.c  >&5
configure:5104: $? = 0
configure:5112: result: yes
configure:5123: checking for working memcmp
configure:5166: gcc -o conftest -g -O2   conftest.c  >&5
configure:5166: $? = 0
configure:5166: ./conftest
configure:5166: $? = 0
configure:5176: result: yes
configure:5185: checking return type of signal handlers
configure:5203: gcc -c -g -O2  conftest.c >&5
conftest.c: In function 'main':
conftest.c:39: error: void value not ignored as it ought to be
configure:5203: $? = 1
configure: failed program was:
| /* confdefs.h */
| #define PACKAGE_NAME "gist-ka"
| #define PACKAGE_TARNAME "gist-ka"
| #define PACKAGE_VERSION "0.98"
| #define PACKAGE_STRING "gist-ka 0.98"
| #define PACKAGE_BUGREPORT "roland.bless@kit.edu"
| #define PACKAGE_URL ""
| #define PACKAGE "gist-ka"
| #define VERSION "0.98"
| #define STDC_HEADERS 1
| #define HAVE_SYS_TYPES_H 1
| #define HAVE_SYS_STAT_H 1
| #define HAVE_STDLIB_H 1
| #define HAVE_STRING_H 1
| #define HAVE_MEMORY_H 1
| #define HAVE_STRINGS_H 1
| #define HAVE_INTTYPES_H 1
| #define HAVE_STDINT_H 1
| #define HAVE_UNISTD_H 1
| #define HAVE_ARPA_INET_H 1
| #define HAVE_NETDB_H 1
| #define HAVE_NETINET_IN_H 1
| #define HAVE_STDLIB_H 1
| #define HAVE_STRING_H 1
| #define HAVE_SYS_PARAM_H 1
| #define HAVE_SYS_SOCKET_H 1
| #define HAVE_SYS_TIME_H 1
| #define HAVE_UNISTD_H 1
| #define HAVE__BOOL 1
| #define HAVE_STDBOOL_H 1
| #define TIME_WITH_SYS_TIME 1
| /* end confdefs.h.  */
| #include <sys/types.h>
| #include <signal.h>
| 
| int
| main ()
| {
| return *(signal (0, 0)) (0) == 1;
|   ;
|   return 0;
| }
configure:5210: result: void
configure:5221: checking for gethostname
configure:5221: gcc -o conftest -g -O2   conftest.c  >&5
configure:5221: $? = 0
configure:5221: result: yes
configure:5221: checking for gettimeofday
configure:5221: gcc -o conftest -g -O2   conftest.c  >&5
configure:5221: $? = 0
configure:5221: result: yes
configure:5221: checking for memset
configure:5221: gcc -o conftest -g -O2   conftest.c  >&5
conftest.c:59: warning: conflicting types for built-in function 'memset'
configure:5221: $? = 0
configure:5221: result: yes
configure:5221: checking for socket
configure:5221: gcc -o conftest -g -O2   conftest.c  >&5
configure:5221: $? = 0
configure:5221: result: yes
configure:5221: checking for strerror
configure:5221: gcc -o conftest -g -O2   conftest.c  >&5
configure:5221: $? = 0
configure:5221: result: yes
configure:5275: checking for ranlib
configure:5291: found /usr/bin/ranlib
configure:5302: result: ranlib
configure:5335: checking whether unordered_map is available
configure:5351: g++ -c -std=c++0x  conftest.cpp >&5
configure:5351: $? = 0
configure:5358: result: yes
configure:5507: checking for ipq_get_packet in -lipq
configure:5532: g++ -o conftest -g -O2   conftest.cpp -lipq   >&5
configure:5532: $? = 0
configure:5541: result: yes
configure:5742: creating ./config.status

## ---------------------- ##
## Running config.status. ##
## ---------------------- ##

This file was extended by gist-ka config.status 0.98, which was
generated by GNU Autoconf 2.65.  Invocation command line was

  CONFIG_FILES    = 
  CONFIG_HEADERS  = 
  CONFIG_LINKS    = 
  CONFIG_COMMANDS = 
  $ ./config.status 

on itajai

config.status:800: creating Makefile
config.status:800: creating src/Makefile
config.status:800: creating test/Makefile
config.status:963: executing depfiles commands

## ---------------- ##
## Cache variables. ##
## ---------------- ##

ac_cv_c_compiler_gnu=yes
ac_cv_c_const=yes
ac_cv_c_inline=inline
ac_cv_c_uint32_t=yes
ac_cv_cxx_compiler_gnu=yes
ac_cv_env_CCC_set=
ac_cv_env_CCC_value=
ac_cv_env_CC_set=
ac_cv_env_CC_value=
ac_cv_env_CFLAGS_set=
ac_cv_env_CFLAGS_value=
ac_cv_env_CPPFLAGS_set=
ac_cv_env_CPPFLAGS_value=
ac_cv_env_CPP_set=
ac_cv_env_CPP_value=
ac_cv_env_CXXFLAGS_set=
ac_cv_env_CXXFLAGS_value=
ac_cv_env_CXX_set=
ac_cv_env_CXX_value=
ac_cv_env_LDFLAGS_set=
ac_cv_env_LDFLAGS_value=
ac_cv_env_LIBS_set=
ac_cv_env_LIBS_value=
ac_cv_env_build_alias_set=
ac_cv_env_build_alias_value=
ac_cv_env_host_alias_set=
ac_cv_env_host_alias_value=
ac_cv_env_target_alias_set=
ac_cv_env_target_alias_value=
ac_cv_func_gethostname=yes
ac_cv_func_gettimeofday=yes
ac_cv_func_memcmp_working=yes
ac_cv_func_memset=yes
ac_cv_func_socket=yes
ac_cv_func_strerror=yes
ac_cv_header_arpa_inet_h=yes
ac_cv_header_inttypes_h=yes
ac_cv_header_memory_h=yes
ac_cv_header_netdb_h=yes
ac_cv_header_netinet_in_h=yes
ac_cv_header_stdbool_h=yes
ac_cv_header_stdc=yes
ac_cv_header_stdint_h=yes
ac_cv_header_stdlib_h=yes
ac_cv_header_string_h=yes
ac_cv_header_strings_h=yes
ac_cv_header_sys_param_h=yes
ac_cv_header_sys_socket_h=yes
ac_cv_header_sys_stat_h=yes
ac_cv_header_sys_time_h=yes
ac_cv_header_sys_types_h=yes
ac_cv_header_time=yes
ac_cv_header_unistd_h=yes
ac_cv_lib_cppunit_main=no
ac_cv_lib_error_at_line=yes
ac_cv_lib_ipq_ipq_get_packet=yes
ac_cv_objext=o
ac_cv_path_EGREP='/bin/grep -E'
ac_cv_path_GREP=/bin/grep
ac_cv_path_install='/usr/bin/install -c'
ac_cv_path_mkdir=/bin/mkdir
ac_cv_prog_AWK=gawk
ac_cv_prog_CPP='gcc -E'
ac_cv_prog_ac_ct_CC=gcc
ac_cv_prog_ac_ct_CXX=g++
ac_cv_prog_ac_ct_RANLIB=ranlib
ac_cv_prog_cc_c89=
ac_cv_prog_cc_g=yes
ac_cv_prog_cxx_g=yes
ac_cv_prog_make_make_set=yes
ac_cv_struct_tm=time.h
ac_cv_type__Bool=yes
ac_cv_type_mode_t=yes
ac_cv_type_pid_t=yes
ac_cv_type_signal=void
ac_cv_type_size_t=yes
ac_cv_type_ssize_t=yes
ac_cv_unordered_map_exists=yes
am_cv_CC_dependencies_compiler_type=gcc3
am_cv_CXX_dependencies_compiler_type=gcc3

## ----------------- ##
## Output variables. ##
## ----------------- ##

ACLOCAL='${SHELL} /home/allan/DevelopmentProjects/ReVir-UFPe/nsis-ka/missing --run aclocal-1.11'
AMDEPBACKSLASH='\'
AMDEP_FALSE='#'
AMDEP_TRUE=''
AMTAR='${SHELL} /home/allan/DevelopmentProjects/ReVir-UFPe/nsis-ka/missing --run tar'
AM_BACKSLASH='\'
AM_DEFAULT_VERBOSITY='0'
AUTOCONF='${SHELL} /home/allan/DevelopmentProjects/ReVir-UFPe/nsis-ka/missing --run autoconf'
AUTOHEADER='${SHELL} /home/allan/DevelopmentProjects/ReVir-UFPe/nsis-ka/missing --run autoheader'
AUTOMAKE='${SHELL} /home/allan/DevelopmentProjects/ReVir-UFPe/nsis-ka/missing --run automake-1.11'
AWK='gawk'
CC='gcc'
CCDEPMODE='depmode=gcc3'
CFLAGS='-g -O2'
CPP='gcc -E'
CPPFLAGS=''
CXX='g++'
CXXDEPMODE='depmode=gcc3'
CXXFLAGS='-g -O2'
CYGPATH_W='echo'
DEFS='-DPACKAGE_NAME=\"gist-ka\" -DPACKAGE_TARNAME=\"gist-ka\" -DPACKAGE_VERSION=\"0.98\" -DPACKAGE_STRING=\"gist-ka\ 0.98\" -DPACKAGE_BUGREPORT=\"roland.bless@kit.edu\" -DPACKAGE_URL=\"\" -DPACKAGE=\"gist-ka\" -DVERSION=\"0.98\" -DSTDC_HEADERS=1 -DHAVE_SYS_TYPES_H=1 -DHAVE_SYS_STAT_H=1 -DHAVE_STDLIB_H=1 -DHAVE_STRING_H=1 -DHAVE_MEMORY_H=1 -DHAVE_STRINGS_H=1 -DHAVE_INTTYPES_H=1 -DHAVE_STDINT_H=1 -DHAVE_UNISTD_H=1 -DHAVE_ARPA_INET_H=1 -DHAVE_NETDB_H=1 -DHAVE_NETINET_IN_H=1 -DHAVE_STDLIB_H=1 -DHAVE_STRING_H=1 -DHAVE_SYS_PARAM_H=1 -DHAVE_SYS_SOCKET_H=1 -DHAVE_SYS_TIME_H=1 -DHAVE_UNISTD_H=1 -DHAVE__BOOL=1 -DHAVE_STDBOOL_H=1 -DTIME_WITH_SYS_TIME=1 -DRETSIGTYPE=void -DHAVE_GETHOSTNAME=1 -DHAVE_GETTIMEOFDAY=1 -DHAVE_MEMSET=1 -DHAVE_SOCKET=1 -DHAVE_STRERROR=1 -DHAVE_LIBIPQ=1'
DEPDIR='.deps'
ECHO_C=''
ECHO_N='-n'
ECHO_T=''
EGREP='/bin/grep -E'
EXEEXT=''
GIST_DISABLE_LOGGING_FALSE=''
GIST_DISABLE_LOGGING_TRUE='#'
GIST_NO_WARN_HASHMAP_FALSE='#'
GIST_NO_WARN_HASHMAP_TRUE=''
GREP='/bin/grep'
INSTALL_DATA='${INSTALL} -m 644'
INSTALL_PROGRAM='${INSTALL}'
INSTALL_SCRIPT='${INSTALL}'
INSTALL_STRIP_PROGRAM='$(install_sh) -c -s'
LDFLAGS=''
LIBOBJS=''
LIBS='-lipq '
LTLIBOBJS=''
MAKEINFO='${SHELL} /home/allan/DevelopmentProjects/ReVir-UFPe/nsis-ka/missing --run makeinfo'
MKDIR_P='/bin/mkdir -p'
OBJEXT='o'
PACKAGE='gist-ka'
PACKAGE_BUGREPORT='roland.bless@kit.edu'
PACKAGE_NAME='gist-ka'
PACKAGE_STRING='gist-ka 0.98'
PACKAGE_TARNAME='gist-ka'
PACKAGE_URL=''
PACKAGE_VERSION='0.98'
PATH_SEPARATOR=':'
PROTLIB_WITH_NFQ_FALSE=''
PROTLIB_WITH_NFQ_TRUE='#'
RANLIB='ranlib'
SET_MAKE=''
SHELL='/bin/bash'
STRIP=''
USE_UNORDERED_MAP_FALSE='#'
USE_UNORDERED_MAP_TRUE=''
USE_WITH_FLOWINFO_FALSE=''
USE_WITH_FLOWINFO_TRUE='#'
USE_WITH_SCTP_FALSE=''
USE_WITH_SCTP_TRUE='#'
VERSION='0.98'
ac_ct_CC='gcc'
ac_ct_CXX='g++'
am__EXEEXT_FALSE=''
am__EXEEXT_TRUE='#'
am__fastdepCC_FALSE='#'
am__fastdepCC_TRUE=''
am__fastdepCXX_FALSE='#'
am__fastdepCXX_TRUE=''
am__include='include'
am__isrc=''
am__leading_dot='.'
am__quote=''
am__tar='${AMTAR} chof - "$$tardir"'
am__untar='${AMTAR} xf -'
bindir='${exec_prefix}/bin'
build_alias=''
datadir='${datarootdir}'
datarootdir='${prefix}/share'
docdir='${datarootdir}/doc/${PACKAGE_TARNAME}'
dvidir='${docdir}'
exec_prefix='${prefix}'
host_alias=''
htmldir='${docdir}'
includedir='${prefix}/include'
infodir='${datarootdir}/info'
install_sh='${SHELL} /home/allan/DevelopmentProjects/ReVir-UFPe/nsis-ka/install-sh'
libdir='${exec_prefix}/lib'
libexecdir='${exec_prefix}/libexec'
localedir='${datarootdir}/locale'
localstatedir='${prefix}/var'
mandir='${datarootdir}/man'
mkdir_p='/bin/mkdir -p'
oldincludedir='/usr/include'
pdfdir='${docdir}'
prefix='/usr/local'
program_transform_name='s,x,x,'
psdir='${docdir}'
sbindir='${exec_prefix}/sbin'
sharedstatedir='${prefix}/com'
sysconfdir='${prefix}/etc'
target_alias=''

## ----------- ##
## confdefs.h. ##
## ----------- ##

/* confdefs.h */
#define PACKAGE_NAME "gist-ka"
#define PACKAGE_TARNAME "gist-ka"
#define PACKAGE_VERSION "0.98"
#define PACKAGE_STRING "gist-ka 0.98"
#define PACKAGE_BUGREPORT "roland.bless@kit.edu"
#define PACKAGE_URL ""
#define PACKAGE "gist-ka"
#define VERSION "0.98"
#define STDC_HEADERS 1
#define HAVE_SYS_TYPES_H 1
#define HAVE_SYS_STAT_H 1
#define HAVE_STDLIB_H 1
#define HAVE_STRING_H 1
#define HAVE_MEMORY_H 1
#define HAVE_STRINGS_H 1
#define HAVE_INTTYPES_H 1
#define HAVE_STDINT_H 1
#define HAVE_UNISTD_H 1
#define HAVE_ARPA_INET_H 1
#define HAVE_NETDB_H 1
#define HAVE_NETINET_IN_H 1
#define HAVE_STDLIB_H 1
#define HAVE_STRING_H 1
#define HAVE_SYS_PARAM_H 1
#define HAVE_SYS_SOCKET_H 1
#define HAVE_SYS_TIME_H 1
#define HAVE_UNISTD_H 1
#define HAVE__BOOL 1
#define HAVE_STDBOOL_H 1
#define TIME_WITH_SYS_TIME 1
#define RETSIGTYPE void
#define HAVE_GETHOSTNAME 1
#define HAVE_GETTIMEOFDAY 1
#define HAVE_MEMSET 1
#define HAVE_SOCKET 1
#define HAVE_STRERROR 1
#define HAVE_LIBIPQ 1

configure: exit 0
